2019-01-27T07:10:07.261Z - normal: Load ~/.CocosCreator/settings.json
2019-01-27T07:10:07.265Z - normal: checking language setting...
2019-01-27T07:10:07.265Z - normal: Language: en
2019-01-27T07:10:07.913Z - success: protocol editor-framework registered
2019-01-27T07:10:07.913Z - success: protocol app registered
2019-01-27T07:10:07.914Z - success: protocol theme registered
2019-01-27T07:10:07.914Z - success: protocol profile registered
2019-01-27T07:10:07.914Z - success: protocol packages registered
2019-01-27T07:10:07.916Z - success: protocol unpack registerred
2019-01-27T07:10:07.917Z - success: protocol disable-commonjs registerred
2019-01-27T07:10:09.226Z - normal: connected!
2019-01-27T07:10:09.239Z - normal: Check project /My_Projects/GGJ/TakeMeHomeDev
2019-01-27T07:10:09.241Z - normal: Initializing Cocos2d
2019-01-27T07:10:09.424Z - normal: Initializing Asset Database
2019-01-27T07:10:09.452Z - success: protocol uuid registerred
2019-01-27T07:10:09.453Z - success: protocol db registerred
2019-01-27T07:10:09.453Z - success: protocol thumbnail registerred
2019-01-27T07:10:09.454Z - normal: Loading editor/builtin packages
2019-01-27T07:10:09.472Z - success: anysdk loaded
2019-01-27T07:10:09.605Z - success: assets loaded
2019-01-27T07:10:09.609Z - success: builder loaded
2019-01-27T07:10:09.613Z - success: hierarchy loaded
2019-01-27T07:10:09.618Z - success: inspector loaded
2019-01-27T07:10:09.619Z - success: keystore loaded
2019-01-27T07:10:09.624Z - success: node-library loaded
2019-01-27T07:10:09.626Z - success: package-asset loaded
2019-01-27T07:10:09.628Z - success: preferences loaded
2019-01-27T07:10:09.631Z - success: project-exporter loaded
2019-01-27T07:10:09.645Z - success: project-importer loaded
2019-01-27T07:10:09.648Z - success: project-settings loaded
2019-01-27T07:10:09.652Z - success: ui-kit loaded
2019-01-27T07:10:09.656Z - success: ui-grid loaded
2019-01-27T07:10:09.664Z - success: scene loaded
2019-01-27T07:10:09.665Z - success: sprite-editor loaded
2019-01-27T07:10:09.671Z - success: store loaded
2019-01-27T07:10:09.677Z - success: timeline loaded
2019-01-27T07:10:09.677Z - normal: Loading builtin packages
2019-01-27T07:10:09.681Z - success: asset-db-debugger loaded
2019-01-27T07:10:09.682Z - success: color-picker loaded
2019-01-27T07:10:09.686Z - success: console loaded
2019-01-27T07:10:09.690Z - success: package-manager loaded
2019-01-27T07:10:09.696Z - success: sdkbox loaded
2019-01-27T07:10:09.700Z - success: tester loaded
2019-01-27T07:10:09.704Z - success: ui-kit-preview-extra loaded
2019-01-27T07:10:09.707Z - success: ui-kit-preview loaded
2019-01-27T07:10:09.711Z - success: ui-tree loaded
2019-01-27T07:10:10.536Z - normal: Initializing project /My_Projects/GGJ/TakeMeHomeDev
2019-01-27T07:10:10.538Z - normal: Loading packages
2019-01-27T07:10:10.544Z - normal: Watching packages
2019-01-27T07:10:10.556Z - normal: Run Application
2019-01-27T07:10:11.242Z - success: preview server running at http://localhost:7456
2019-01-27T07:10:15.620Z - normal: 1.6.1
2019-01-27T07:10:15.825Z - warn: No need to specify the "type" of "CameraControl.cameraOffsetPoints" because cc.Vec2 is a child class of ValueType. Just set the default value to 'new cc.Vec2()' and it will be handled properly. CameraControl cameraOffsetPoints cc.Vec2
